{"level":"info","message":"✅ Server is running Successfully...","timestamp":"2026-01-09 10:53:30"}
{"level":"info","message":"MongoDB connected successfully Name: testing_framwork","timestamp":"2026-01-09 10:53:30"}
{"level":"info","message":"✅ Server is running Successfully...","timestamp":"2026-01-09 10:54:00"}
{"level":"info","message":"MongoDB connected successfully Name: testing_framwork","timestamp":"2026-01-09 10:54:00"}
{"level":"info","message":"✅ Server is running Successfully...","timestamp":"2026-01-09 10:54:19"}
{"level":"info","message":"MongoDB connected successfully Name: testing_framwork","timestamp":"2026-01-09 10:54:19"}
{"level":"info","message":"✅ Server is running Successfully...","timestamp":"2026-01-09 10:55:21"}
{"level":"info","message":"MongoDB connected successfully Name: testing_framwork","timestamp":"2026-01-09 10:55:21"}
{"level":"info","message":"✅ Server is running Successfully...","timestamp":"2026-01-09 10:55:37"}
{"level":"info","message":"MongoDB connected successfully Name: testing_framwork","timestamp":"2026-01-09 10:55:37"}
{"level":"info","message":"✅ Server is running Successfully...","timestamp":"2026-01-09 11:31:10"}
{"level":"info","message":"MongoDB connected successfully Name: testing_framwork","timestamp":"2026-01-09 11:31:10"}
{"level":"info","message":"✅ Server is running Successfully...","timestamp":"2026-01-09 11:32:55"}
{"level":"info","message":"MongoDB connected successfully Name: testing_framwork","timestamp":"2026-01-09 11:32:55"}
{"level":"info","message":"✅ Server is running Successfully...","timestamp":"2026-01-09 14:08:27"}
{"level":"info","message":"MongoDB connected successfully Name: testing_framwork","timestamp":"2026-01-09 14:08:29"}
{"level":"error","message":"Token Not Exist, Unauthorized!","timestamp":"2026-01-09 14:10:04"}
{"level":"error","message":"Token Not Exist, Unauthorized!","timestamp":"2026-01-09 14:10:21"}
{"level":"error","message":"Token Not Exist, Unauthorized!","timestamp":"2026-01-09 14:15:07"}
{"level":"error","message":"Token Not Exist, Unauthorized!","timestamp":"2026-01-09 14:15:12"}
{"level":"error","message":"Token Not Exist, Unauthorized!","timestamp":"2026-01-09 14:15:15"}
{"level":"error","message":"Token Not Exist, Unauthorized!","timestamp":"2026-01-09 14:15:25"}
{"level":"error","message":"Token Not Exist, Unauthorized!","timestamp":"2026-01-09 14:15:50"}
{"level":"error","message":"Token Not Exist, Unauthorized!","timestamp":"2026-01-09 14:27:32"}
{"level":"error","message":"Token Not Exist, Unauthorized!","timestamp":"2026-01-09 14:27:35"}
{"level":"error","message":"Token Not Exist, Unauthorized!","timestamp":"2026-01-09 14:31:26"}
{"level":"error","message":"Token Not Exist, Unauthorized!","timestamp":"2026-01-09 14:38:32"}
{"level":"error","message":"Token Not Exist, Unauthorized!","timestamp":"2026-01-09 14:40:31"}
{"level":"error","message":"Token Not Exist, Unauthorized!","timestamp":"2026-01-09 14:41:36"}
{"level":"error","message":"Token Not Exist, Unauthorized!","timestamp":"2026-01-09 14:45:06"}
{"level":"error","message":"Token Not Exist, Unauthorized!","timestamp":"2026-01-09 14:45:17"}
{"level":"error","message":"Token Not Exist, Unauthorized!","timestamp":"2026-01-09 14:45:38"}
{"level":"error","message":"Token Not Exist, Unauthorized!","timestamp":"2026-01-09 14:45:43"}
{"level":"error","message":"Token Not Exist, Unauthorized!","timestamp":"2026-01-09 14:46:53"}
{"level":"info","message":"Registration is successfully Named: mahmoud othman","timestamp":"2026-01-09 14:48:56"}
{"level":"error","message":"Forbidden, Account Not Confirmed.! -  Name:mahmoud othman , id:6960f936e5760ec67104af1f","timestamp":"2026-01-09 14:49:18"}
{"level":"info","message":"Registration is successfully Named: mahmoud othman","timestamp":"2026-01-09 14:52:32"}
{"level":"error","message":"Token Not Exist, Unauthorized!","timestamp":"2026-01-09 15:03:19"}
{"level":"error","message":"Token Not Exist, Unauthorized!","timestamp":"2026-01-09 15:30:56"}
{"level":"error","message":"Token Not Exist, Unauthorized!","timestamp":"2026-01-09 15:31:34"}
{"level":"info","message":"Registration is successfully Named: mahmoud othman","timestamp":"2026-01-09 15:32:07"}
{"level":"error","message":"Token Not Exist, Unauthorized!","timestamp":"2026-01-09 15:33:09"}
{"level":"info","message":"Registration is successfully Named: mahmoud othman","timestamp":"2026-01-09 15:33:37"}
{"level":"error","message":"Token Not Exist, Unauthorized!","timestamp":"2026-01-09 15:34:01"}
{"level":"error","message":"Token Not Exist, Unauthorized!","timestamp":"2026-01-09 15:34:13"}
{"level":"error","message":"Token Not Exist, Unauthorized!","timestamp":"2026-01-09 15:36:02"}
{"level":"error","message":"Token Not Exist, Unauthorized!","timestamp":"2026-01-09 15:36:10"}
{"level":"error","message":"Token Not Exist, Unauthorized!","timestamp":"2026-01-09 15:37:00"}
{"level":"error","message":"Token Not Exist, Unauthorized!","timestamp":"2026-01-09 15:40:10"}
