{"level":"info","message":"✅ Server is running Successfully...","timestamp":"2026-01-07 09:49:25"}
{"level":"info","message":"MongoDB connected successfully Name: testing_framwork","timestamp":"2026-01-07 09:49:26"}
{"level":"info","message":"Login User - Name:user2 , id:68d124fe0dedc613334217ff","timestamp":"2026-01-07 11:37:00"}
{"level":"info","message":"Login User - Name:user2 , id:68d124fe0dedc613334217ff","timestamp":"2026-01-07 12:05:23"}
{"level":"info","message":"Login User - Name:user2 , id:68d124fe0dedc613334217ff","timestamp":"2026-01-07 12:05:36"}
{"level":"error","message":"Token Not Exist, Unauthorized!","timestamp":"2026-01-07 12:07:42"}
{"level":"info","message":"Login User - Name:user2 , id:68d124fe0dedc613334217ff","timestamp":"2026-01-07 12:08:08"}
{"level":"info","message":"✅ Server is running Successfully...","timestamp":"2026-01-07 12:24:01"}
{"level":"info","message":"MongoDB connected successfully Name: testing_framwork","timestamp":"2026-01-07 12:24:02"}
{"level":"info","message":"Login User - Name:user2 , id:68d124fe0dedc613334217ff","timestamp":"2026-01-07 12:31:05"}
{"level":"info","message":"Login User - Name:mahmoud othman abo baker , id:68c079bda244ed3e009f4822","timestamp":"2026-01-07 12:36:40"}
{"level":"info","message":"Login User - Name:mahmoud othman abo baker , id:68c079bda244ed3e009f4822","timestamp":"2026-01-07 12:37:37"}
{"level":"info","message":"Login User - Name:mahmoud othman abo baker , id:68c079bda244ed3e009f4822","timestamp":"2026-01-07 12:42:00"}
{"level":"info","message":"Login User - Name:mahmoud othman abo baker , id:68c079bda244ed3e009f4822","timestamp":"2026-01-07 12:42:51"}
{"level":"info","message":"Login User - Name:mahmoud othman abo baker , id:68c079bda244ed3e009f4822","timestamp":"2026-01-07 12:43:23"}
{"level":"info","message":"✅ Server is running Successfully...","timestamp":"2026-01-07 12:45:55"}
{"level":"info","message":"MongoDB connected successfully Name: testing_framwork","timestamp":"2026-01-07 12:45:55"}
{"level":"info","message":"Logged Out Successfully.! -  Name:mahmoud othman abo baker , Email:user@gmail.com  , id:68c079bda244ed3e009f4822","timestamp":"2026-01-07 12:49:20"}
{"level":"info","message":"Login User - Name:mahmoud othman abo baker , id:68c079bda244ed3e009f4822","timestamp":"2026-01-07 12:49:57"}
{"level":"info","message":"Logged Out Successfully.! -  Name:mahmoud othman abo baker , Email:user@gmail.com  , id:68c079bda244ed3e009f4822","timestamp":"2026-01-07 12:50:01"}
{"level":"info","message":"Login User - Name:mahmoud othman abo baker , id:68c079bda244ed3e009f4822","timestamp":"2026-01-07 12:53:53"}
{"level":"info","message":"Login User - Name:mahmoud othman abo baker , id:68c079bda244ed3e009f4822","timestamp":"2026-01-07 13:03:21"}
{"level":"info","message":"Login User - Name:mahmoud othman abo baker , id:68c079bda244ed3e009f4822","timestamp":"2026-01-07 13:07:13"}
{"level":"info","message":"Login User - Name:mahmoud othman abo baker , id:68c079bda244ed3e009f4822","timestamp":"2026-01-07 13:07:58"}
{"level":"info","message":"✅ Server is running Successfully...","timestamp":"2026-01-07 17:25:14"}
{"level":"info","message":"MongoDB connected successfully Name: testing_framwork","timestamp":"2026-01-07 17:25:23"}
{"level":"info","message":"Login User - Name:mahmoud othman abo baker , id:68c079bda244ed3e009f4822","timestamp":"2026-01-07 17:40:00"}
{"level":"info","message":"Login User - Name:mahmoud othman abo baker , id:68c079bda244ed3e009f4822","timestamp":"2026-01-07 17:40:26"}
{"level":"info","message":"Login User - Name:mahmoud othman abo baker , id:68c079bda244ed3e009f4822","timestamp":"2026-01-07 17:43:57"}
{"level":"info","message":"Login User - Name:mahmoud othman abo baker , id:68c079bda244ed3e009f4822","timestamp":"2026-01-07 19:38:28"}
{"level":"error","message":"Token Not Exist, Unauthorized!","timestamp":"2026-01-07 19:40:57"}
{"level":"info","message":"Login User - Name:mahmoud othman abo baker , id:68c079bda244ed3e009f4822","timestamp":"2026-01-07 19:41:09"}
{"level":"info","message":"✅ Server is running Successfully...","timestamp":"2026-01-07 20:15:03"}
{"level":"info","message":"MongoDB connected successfully Name: testing_framwork","timestamp":"2026-01-07 20:15:03"}
{"level":"info","message":"Logged Out Successfully.! -  Name:mahmoud othman abo baker , Email:user@gmail.com  , id:68c079bda244ed3e009f4822","timestamp":"2026-01-07 21:30:11"}
