{"level":"info","message":"✅ Server is running Successfully...","timestamp":"2026-01-11 10:06:06"}
{"level":"info","message":"MongoDB connected successfully Name: testing_framwork","timestamp":"2026-01-11 10:06:07"}
{"level":"info","message":"✅ Server is running Successfully...","timestamp":"2026-01-11 10:07:06"}
{"level":"info","message":"MongoDB connected successfully Name: testing_framwork","timestamp":"2026-01-11 10:07:07"}
{"level":"error","message":"Token Not Exist, Unauthorized!","timestamp":"2026-01-11 10:08:16"}
{"level":"error","message":"Token Not Exist, Unauthorized!","timestamp":"2026-01-11 10:08:42"}
{"level":"error","message":"Token Not Exist, Unauthorized!","timestamp":"2026-01-11 10:08:45"}
{"level":"error","message":"Token Not Exist, Unauthorized!","timestamp":"2026-01-11 10:08:55"}
{"level":"error","message":"Token Not Exist, Unauthorized!","timestamp":"2026-01-11 10:09:02"}
{"level":"error","message":"Token Not Exist, Unauthorized!","timestamp":"2026-01-11 10:09:41"}
{"level":"error","message":"Token Not Exist, Unauthorized!","timestamp":"2026-01-11 10:09:44"}
{"level":"error","message":"Token Not Exist, Unauthorized!","timestamp":"2026-01-11 10:09:53"}
{"level":"error","message":"Token Not Exist, Unauthorized!","timestamp":"2026-01-11 10:09:56"}
{"level":"info","message":"Login User - Name:mahmoud othman abo baker , id:68c079bda244ed3e009f4822","timestamp":"2026-01-11 10:10:28"}
{"level":"info","message":"Logged Out Successfully.! -  Name:mahmoud othman abo baker , Email:user@gmail.com  , id:68c079bda244ed3e009f4822","timestamp":"2026-01-11 10:17:17"}
{"level":"info","message":"Login User - Name:mahmoud othman abo baker , id:68c079bda244ed3e009f4822","timestamp":"2026-01-11 10:17:48"}
{"level":"info","message":"Logged Out Successfully.! -  Name:mahmoud othman abo baker , Email:user@gmail.com  , id:68c079bda244ed3e009f4822","timestamp":"2026-01-11 11:15:12"}
{"level":"info","message":"Login User - Name:mahmoud othman abo baker , id:68c079bda244ed3e009f4822","timestamp":"2026-01-11 11:18:51"}
{"level":"info","message":"Logged Out Successfully.! -  Name:mahmoud othman abo baker , Email:user@gmail.com  , id:68c079bda244ed3e009f4822","timestamp":"2026-01-11 11:48:40"}
{"level":"info","message":"Login User - Name:mahmoud othman abo baker , id:68c079bda244ed3e009f4822","timestamp":"2026-01-11 11:48:48"}
{"level":"info","message":"Logged Out Successfully.! -  Name:mahmoud othman abo baker , Email:user@gmail.com  , id:68c079bda244ed3e009f4822","timestamp":"2026-01-11 12:20:35"}
{"level":"error","message":"Token Not Exist, Unauthorized!","timestamp":"2026-01-11 12:20:50"}
{"level":"info","message":"Login User - Name:mahmoud othman abo baker , id:68c079bda244ed3e009f4822","timestamp":"2026-01-11 12:21:03"}
{"level":"info","message":"Logged Out Successfully.! -  Name:mahmoud othman abo baker , Email:user@gmail.com  , id:68c079bda244ed3e009f4822","timestamp":"2026-01-11 12:22:39"}
{"level":"error","message":"Token Not Exist, Unauthorized!","timestamp":"2026-01-11 12:26:49"}
{"level":"error","message":"Token Not Exist, Unauthorized!","timestamp":"2026-01-11 12:27:10"}
{"level":"error","message":"Token Not Exist, Unauthorized!","timestamp":"2026-01-11 12:27:29"}
{"level":"info","message":"Login User - Name:mahmoud othman abo baker , id:68c079bda244ed3e009f4822","timestamp":"2026-01-11 12:28:10"}
