{"level":"info","message":"✅ Server is running Successfully...","timestamp":"2026-01-10 10:58:39"}
{"level":"info","message":"MongoDB connected successfully Name: testing_framwork","timestamp":"2026-01-10 10:58:40"}
{"level":"info","message":"Login User - Name:mahmoud othman abo baker , id:68c079bda244ed3e009f4822","timestamp":"2026-01-10 11:06:24"}
{"level":"info","message":"Login User - Name:mahmoud othman abo baker , id:68c079bda244ed3e009f4822","timestamp":"2026-01-10 11:08:43"}
{"level":"info","message":"Logged Out Successfully.! -  Name:mahmoud othman abo baker , Email:user@gmail.com  , id:68c079bda244ed3e009f4822","timestamp":"2026-01-10 11:09:24"}
{"level":"error","message":"Token Not Exist, Unauthorized!","timestamp":"2026-01-10 11:09:29"}
{"level":"error","message":"Token Not Exist, Unauthorized!","timestamp":"2026-01-10 11:10:02"}
{"level":"error","message":"Token Not Exist, Unauthorized!","timestamp":"2026-01-10 12:31:39"}
{"level":"error","message":"Token Not Exist, Unauthorized!","timestamp":"2026-01-10 12:32:04"}
{"level":"info","message":"Login User - Name:mahmoud othman abo baker , id:68c079bda244ed3e009f4822","timestamp":"2026-01-10 12:32:25"}
{"level":"error","message":"Token Not Exist, Unauthorized!","timestamp":"2026-01-10 12:34:02"}
{"level":"info","message":"Login User - Name:mahmoud othman abo baker , id:68c079bda244ed3e009f4822","timestamp":"2026-01-10 12:34:20"}
{"level":"info","message":"Logged Out Successfully.! -  Name:mahmoud othman abo baker , Email:user@gmail.com  , id:68c079bda244ed3e009f4822","timestamp":"2026-01-10 12:35:28"}
{"level":"error","message":"Token Not Exist, Unauthorized!","timestamp":"2026-01-10 12:35:33"}
{"level":"error","message":"Token Not Exist, Unauthorized!","timestamp":"2026-01-10 12:35:39"}
{"level":"info","message":"Login User - Name:mahmoud othman abo baker , id:68c079bda244ed3e009f4822","timestamp":"2026-01-10 12:35:44"}
{"level":"info","message":"Logged Out Successfully.! -  Name:mahmoud othman abo baker , Email:user@gmail.com  , id:68c079bda244ed3e009f4822","timestamp":"2026-01-10 12:36:14"}
{"level":"info","message":"Login User - Name:mahmoud othman abo baker , id:68c079bda244ed3e009f4822","timestamp":"2026-01-10 12:36:24"}
{"level":"info","message":"Logged Out Successfully.! -  Name:mahmoud othman abo baker , Email:user@gmail.com  , id:68c079bda244ed3e009f4822","timestamp":"2026-01-10 12:36:32"}
{"level":"error","message":"Token Not Exist, Unauthorized!","timestamp":"2026-01-10 12:38:30"}
{"level":"error","message":"Token Not Exist, Unauthorized!","timestamp":"2026-01-10 12:38:38"}
{"level":"error","message":"Token Not Exist, Unauthorized!","timestamp":"2026-01-10 12:38:49"}
{"level":"error","message":"Token Not Exist, Unauthorized!","timestamp":"2026-01-10 12:38:54"}
{"level":"error","message":"Token Not Exist, Unauthorized!","timestamp":"2026-01-10 12:39:00"}
{"level":"error","message":"Token Not Exist, Unauthorized!","timestamp":"2026-01-10 12:39:03"}
{"level":"error","message":"Token Not Exist, Unauthorized!","timestamp":"2026-01-10 12:39:08"}
{"level":"info","message":"Login User - Name:mahmoud othman abo baker , id:68c079bda244ed3e009f4822","timestamp":"2026-01-10 12:39:17"}
{"level":"info","message":"Logged Out Successfully.! -  Name:mahmoud othman abo baker , Email:user@gmail.com  , id:68c079bda244ed3e009f4822","timestamp":"2026-01-10 12:39:23"}
{"level":"error","message":"Token Not Exist, Unauthorized!","timestamp":"2026-01-10 12:39:26"}
{"level":"error","message":"Token Not Exist, Unauthorized!","timestamp":"2026-01-10 12:39:28"}
{"level":"error","message":"Token Not Exist, Unauthorized!","timestamp":"2026-01-10 12:39:31"}
{"level":"error","message":"Token Not Exist, Unauthorized!","timestamp":"2026-01-10 12:39:32"}
{"level":"error","message":"Token Not Exist, Unauthorized!","timestamp":"2026-01-10 12:39:32"}
{"level":"error","message":"Token Not Exist, Unauthorized!","timestamp":"2026-01-10 12:39:32"}
{"level":"error","message":"Token Not Exist, Unauthorized!","timestamp":"2026-01-10 12:39:32"}
{"level":"error","message":"Token Not Exist, Unauthorized!","timestamp":"2026-01-10 12:39:51"}
{"level":"error","message":"Token Not Exist, Unauthorized!","timestamp":"2026-01-10 12:39:55"}
{"level":"info","message":"Login User - Name:mahmoud othman abo baker , id:68c079bda244ed3e009f4822","timestamp":"2026-01-10 12:40:03"}
{"level":"info","message":"Logged Out Successfully.! -  Name:mahmoud othman abo baker , Email:user@gmail.com  , id:68c079bda244ed3e009f4822","timestamp":"2026-01-10 12:40:07"}
{"level":"info","message":"✅ Server is running Successfully...","timestamp":"2026-01-10 18:12:38"}
{"level":"info","message":"MongoDB connected successfully Name: testing_framwork","timestamp":"2026-01-10 18:12:38"}
{"level":"error","message":"Token Not Exist, Unauthorized!","timestamp":"2026-01-10 19:12:20"}
{"level":"error","message":"Token Not Exist, Unauthorized!","timestamp":"2026-01-10 19:12:28"}
{"level":"error","message":"Token Not Exist, Unauthorized!","timestamp":"2026-01-10 19:12:43"}
{"level":"error","message":"Token Not Exist, Unauthorized!","timestamp":"2026-01-10 19:29:23"}
{"level":"info","message":"Login User - Name:mahmoud othman abo baker , id:68c079bda244ed3e009f4822","timestamp":"2026-01-10 19:31:33"}
{"level":"info","message":"Logged Out Successfully.! -  Name:mahmoud othman abo baker , Email:user@gmail.com  , id:68c079bda244ed3e009f4822","timestamp":"2026-01-10 19:32:48"}
{"level":"error","message":"Token Not Exist, Unauthorized!","timestamp":"2026-01-10 19:32:52"}
{"level":"info","message":"Login User - Name:mahmoud othman abo baker , id:68c079bda244ed3e009f4822","timestamp":"2026-01-10 19:38:35"}
{"level":"info","message":"Login User - Name:mahmoud othman abo baker , id:68c079bda244ed3e009f4822","timestamp":"2026-01-10 19:59:04"}
{"level":"warn","message":"Invalid credentials, Email Or Password Incorrect.! Named: mahmoud othman abo baker","timestamp":"2026-01-10 20:01:21"}
{"level":"info","message":"Login User - Name:mahmoud othman abo baker , id:68c079bda244ed3e009f4822","timestamp":"2026-01-10 20:01:27"}
{"level":"info","message":"Logged Out Successfully.! -  Name:mahmoud othman abo baker , Email:user@gmail.com  , id:68c079bda244ed3e009f4822","timestamp":"2026-01-10 20:02:24"}
{"level":"warn","message":"Invalid credentials, Email Or Password Incorrect.! Named: mahmoud othman abo baker","timestamp":"2026-01-10 20:02:54"}
{"level":"error","message":"Token Not Exist, Unauthorized!","timestamp":"2026-01-10 20:03:01"}
{"level":"error","message":"Token Not Exist, Unauthorized!","timestamp":"2026-01-10 20:03:07"}
{"level":"info","message":"Login User - Name:mahmoud othman abo baker , id:68c079bda244ed3e009f4822","timestamp":"2026-01-10 20:20:33"}
{"level":"error","message":"Token Not Exist, Unauthorized!","timestamp":"2026-01-10 20:31:18"}
{"level":"error","message":"Token Not Exist, Unauthorized!","timestamp":"2026-01-10 20:36:55"}
{"level":"error","message":"Token Not Exist, Unauthorized!","timestamp":"2026-01-10 20:37:05"}
{"level":"info","message":"Login User - Name:mahmoud othman abo baker , id:68c079bda244ed3e009f4822","timestamp":"2026-01-10 20:37:19"}
{"level":"info","message":"Logged Out Successfully.! -  Name:mahmoud othman abo baker , Email:user@gmail.com  , id:68c079bda244ed3e009f4822","timestamp":"2026-01-10 20:43:39"}
{"level":"info","message":"Login User - Name:mahmoud othman abo baker , id:68c079bda244ed3e009f4822","timestamp":"2026-01-10 20:43:52"}
{"level":"info","message":"Logged Out Successfully.! -  Name:mahmoud othman abo baker , Email:user@gmail.com  , id:68c079bda244ed3e009f4822","timestamp":"2026-01-10 21:16:54"}
{"level":"info","message":"Login User - Name:mahmoud othman abo baker , id:68c079bda244ed3e009f4822","timestamp":"2026-01-10 21:17:03"}
{"level":"info","message":"Logged Out Successfully.! -  Name:mahmoud othman abo baker , Email:user@gmail.com  , id:68c079bda244ed3e009f4822","timestamp":"2026-01-10 21:28:32"}
{"level":"info","message":"Login User - Name:mahmoud othman abo baker , id:68c079bda244ed3e009f4822","timestamp":"2026-01-10 21:28:41"}
{"level":"info","message":"Logged Out Successfully.! -  Name:mahmoud othman abo baker , Email:user@gmail.com  , id:68c079bda244ed3e009f4822","timestamp":"2026-01-10 21:31:34"}
{"level":"info","message":"Login User - Name:mahmoud othman abo baker , id:68c079bda244ed3e009f4822","timestamp":"2026-01-10 21:31:50"}
{"level":"error","message":"Token Not Exist, Unauthorized!","timestamp":"2026-01-10 21:34:50"}
{"level":"error","message":"Token Not Exist, Unauthorized!","timestamp":"2026-01-10 21:34:52"}
{"level":"error","message":"Token Not Exist, Unauthorized!","timestamp":"2026-01-10 21:34:57"}
{"level":"info","message":"Login User - Name:mahmoud othman abo baker , id:68c079bda244ed3e009f4822","timestamp":"2026-01-10 21:35:21"}
{"level":"info","message":"Logged Out Successfully.! -  Name:mahmoud othman abo baker , Email:user@gmail.com  , id:68c079bda244ed3e009f4822","timestamp":"2026-01-10 21:36:08"}
{"level":"info","message":"Login User - Name:mahmoud othman abo baker , id:68c079bda244ed3e009f4822","timestamp":"2026-01-10 21:36:22"}
{"level":"info","message":"Logged Out Successfully.! -  Name:mahmoud othman abo baker , Email:user@gmail.com  , id:68c079bda244ed3e009f4822","timestamp":"2026-01-10 21:37:30"}
{"level":"info","message":"Login User - Name:mahmoud othman abo baker , id:68c079bda244ed3e009f4822","timestamp":"2026-01-10 21:37:45"}
{"level":"error","message":"Token Not Exist, Unauthorized!","timestamp":"2026-01-10 21:38:54"}
{"level":"error","message":"Token Not Exist, Unauthorized!","timestamp":"2026-01-10 21:38:58"}
{"level":"error","message":"Token Not Exist, Unauthorized!","timestamp":"2026-01-10 21:39:08"}
{"level":"info","message":"Login User - Name:mahmoud othman abo baker , id:68c079bda244ed3e009f4822","timestamp":"2026-01-10 21:39:26"}
{"level":"info","message":"Logged Out Successfully.! -  Name:mahmoud othman abo baker , Email:user@gmail.com  , id:68c079bda244ed3e009f4822","timestamp":"2026-01-10 21:40:29"}
{"level":"error","message":"Token Not Exist, Unauthorized!","timestamp":"2026-01-10 21:41:06"}
{"level":"error","message":"Token Not Exist, Unauthorized!","timestamp":"2026-01-10 21:41:32"}
{"level":"info","message":"Login User - Name:mahmoud othman abo baker , id:68c079bda244ed3e009f4822","timestamp":"2026-01-10 21:41:41"}
{"level":"info","message":"Logged Out Successfully.! -  Name:mahmoud othman abo baker , Email:user@gmail.com  , id:68c079bda244ed3e009f4822","timestamp":"2026-01-10 21:43:01"}
{"level":"info","message":"Login User - Name:mahmoud othman abo baker , id:68c079bda244ed3e009f4822","timestamp":"2026-01-10 21:43:10"}
{"level":"info","message":"Logged Out Successfully.! -  Name:mahmoud othman abo baker , Email:user@gmail.com  , id:68c079bda244ed3e009f4822","timestamp":"2026-01-10 21:43:19"}
{"level":"error","message":"Token Not Exist, Unauthorized!","timestamp":"2026-01-10 21:43:24"}
{"level":"error","message":"Token Not Exist, Unauthorized!","timestamp":"2026-01-10 21:43:40"}
{"level":"info","message":"Login User - Name:mahmoud othman abo baker , id:68c079bda244ed3e009f4822","timestamp":"2026-01-10 21:43:48"}
{"level":"info","message":"Logged Out Successfully.! -  Name:mahmoud othman abo baker , Email:user@gmail.com  , id:68c079bda244ed3e009f4822","timestamp":"2026-01-10 21:58:51"}
{"level":"error","message":"Token Not Exist, Unauthorized!","timestamp":"2026-01-10 21:59:00"}
{"level":"error","message":"Token Not Exist, Unauthorized!","timestamp":"2026-01-10 22:36:50"}
