{"level":"info","message":"[151210] POST /api/v1/auth/login 200 2213.787 ms","timestamp":"2026-01-10 11:06:24"}
{"level":"info","message":"[850147] POST /api/v1/auth/login 200 132.150 ms","timestamp":"2026-01-10 11:08:43"}
{"level":"info","message":"[407110] GET /api/v1/users/getProfile 304 21.294 ms","timestamp":"2026-01-10 11:09:19"}
{"level":"info","message":"[964575] PATCH /api/v1/auth/logOut 200 121.445 ms","timestamp":"2026-01-10 11:09:24"}
{"level":"info","message":"[381743] GET /api/v1/users/getProfile 401 5.820 ms","timestamp":"2026-01-10 11:09:29"}
{"level":"info","message":"[999930] GET /api/v1/users/getProfile 401 3.570 ms","timestamp":"2026-01-10 11:10:02"}
{"level":"info","message":"[640581] GET /api/v1/users/getProfile 401 66.816 ms","timestamp":"2026-01-10 12:31:39"}
{"level":"info","message":"[025061] GET /api/v1/users/getProfile 401 26.624 ms","timestamp":"2026-01-10 12:32:04"}
{"level":"info","message":"[282726] POST /api/v1/auth/login 200 506.367 ms","timestamp":"2026-01-10 12:32:25"}
{"level":"info","message":"[179721] GET /api/v1/users/getProfile 401 4.553 ms","timestamp":"2026-01-10 12:34:02"}
{"level":"info","message":"[599755] POST /api/v1/auth/login 401 366.165 ms","timestamp":"2026-01-10 12:34:09"}
{"level":"info","message":"[838395] POST /api/v1/auth/login 200 237.657 ms","timestamp":"2026-01-10 12:34:20"}
{"level":"info","message":"[577485] PATCH /api/v1/auth/logOut 200 220.294 ms","timestamp":"2026-01-10 12:35:28"}
{"level":"info","message":"[599128] GET /api/v1/users/getProfile 401 61.098 ms","timestamp":"2026-01-10 12:35:33"}
{"level":"info","message":"[977715] GET /api/v1/users/getProfile 401 1.908 ms","timestamp":"2026-01-10 12:35:39"}
{"level":"info","message":"[612953] POST /api/v1/auth/login 200 85.096 ms","timestamp":"2026-01-10 12:35:44"}
{"level":"info","message":"[493137] GET /api/v1/users/getProfile 304 142.723 ms","timestamp":"2026-01-10 12:36:08"}
{"level":"info","message":"[741666] PATCH /api/v1/auth/logOut 200 34.264 ms","timestamp":"2026-01-10 12:36:14"}
{"level":"info","message":"[117404] POST /api/v1/auth/login 200 93.030 ms","timestamp":"2026-01-10 12:36:24"}
{"level":"info","message":"[488973] PATCH /api/v1/auth/logOut 200 8.887 ms","timestamp":"2026-01-10 12:36:32"}
{"level":"info","message":"[994808] GET /api/v1/users/getProfile 401 2.387 ms","timestamp":"2026-01-10 12:38:30"}
{"level":"info","message":"[255782] GET /api/v1/users/getProfile 401 1.599 ms","timestamp":"2026-01-10 12:38:38"}
{"level":"info","message":"[207210] GET /api/v1/users/getProfile 401 2.289 ms","timestamp":"2026-01-10 12:38:49"}
{"level":"info","message":"[826406] GET /api/v1/users/getProfile 401 1.500 ms","timestamp":"2026-01-10 12:38:54"}
{"level":"info","message":"[626133] GET /api/v1/users/getProfile 401 1.504 ms","timestamp":"2026-01-10 12:39:00"}
{"level":"info","message":"[074209] GET /api/v1/users/getProfile 401 1.590 ms","timestamp":"2026-01-10 12:39:03"}
{"level":"info","message":"[714718] GET /api/v1/users/getProfile 401 4.670 ms","timestamp":"2026-01-10 12:39:08"}
{"level":"info","message":"[134812] POST /api/v1/auth/login 200 85.705 ms","timestamp":"2026-01-10 12:39:17"}
{"level":"info","message":"[890478] PATCH /api/v1/auth/logOut 200 7.732 ms","timestamp":"2026-01-10 12:39:23"}
{"level":"info","message":"[223474] PATCH /api/v1/auth/logOut 401 27.090 ms","timestamp":"2026-01-10 12:39:26"}
{"level":"info","message":"[978884] PATCH /api/v1/auth/logOut 401 0.625 ms","timestamp":"2026-01-10 12:39:28"}
{"level":"info","message":"[752048] PATCH /api/v1/auth/logOut 401 0.911 ms","timestamp":"2026-01-10 12:39:31"}
{"level":"info","message":"[946711] PATCH /api/v1/auth/logOut 401 0.606 ms","timestamp":"2026-01-10 12:39:32"}
{"level":"info","message":"[750895] PATCH /api/v1/auth/logOut 401 0.762 ms","timestamp":"2026-01-10 12:39:32"}
{"level":"info","message":"[257689] PATCH /api/v1/auth/logOut 401 0.642 ms","timestamp":"2026-01-10 12:39:32"}
{"level":"info","message":"[450975] PATCH /api/v1/auth/logOut 401 0.620 ms","timestamp":"2026-01-10 12:39:32"}
{"level":"info","message":"[351771] GET /api/v1/users/getProfile 401 1.525 ms","timestamp":"2026-01-10 12:39:51"}
{"level":"info","message":"[094749] GET /api/v1/users/getProfile 401 1.160 ms","timestamp":"2026-01-10 12:39:55"}
{"level":"info","message":"[657876] POST /api/v1/auth/login 200 69.858 ms","timestamp":"2026-01-10 12:40:03"}
{"level":"info","message":"[462370] PATCH /api/v1/auth/logOut 200 8.278 ms","timestamp":"2026-01-10 12:40:07"}
{"level":"info","message":"[320654] GET /api/v1/users/getProfile 401 16.342 ms","timestamp":"2026-01-10 19:12:20"}
{"level":"info","message":"[781879] GET /api/v1/users/getProfile 401 4.671 ms","timestamp":"2026-01-10 19:12:28"}
{"level":"info","message":"[814284] GET /api/v1/users/getProfile 401 2.287 ms","timestamp":"2026-01-10 19:12:43"}
{"level":"info","message":"[861456] GET /api/v1/users/getProfile 401 2.522 ms","timestamp":"2026-01-10 19:29:23"}
{"level":"info","message":"[587752] POST /api/v1/auth/login 401 10.583 ms","timestamp":"2026-01-10 19:31:25"}
{"level":"info","message":"[792070] POST /api/v1/auth/login 200 2141.353 ms","timestamp":"2026-01-10 19:31:33"}
{"level":"info","message":"[539533] GET /api/v1/users/getProfile 304 19.784 ms","timestamp":"2026-01-10 19:32:35"}
{"level":"info","message":"[710522] GET /api/v1/users/getProfile 304 24.785 ms","timestamp":"2026-01-10 19:32:39"}
{"level":"info","message":"[847007] PATCH /api/v1/auth/logOut 200 101.682 ms","timestamp":"2026-01-10 19:32:48"}
{"level":"info","message":"[910237] GET /api/v1/users/getProfile 401 2.789 ms","timestamp":"2026-01-10 19:32:52"}
{"level":"info","message":"[916869] POST /api/v1/auth/login 200 123.930 ms","timestamp":"2026-01-10 19:38:35"}
{"level":"info","message":"[918797] POST /api/v1/auth/login 200 116.948 ms","timestamp":"2026-01-10 19:59:04"}
{"level":"info","message":"[547855] POST /api/v1/auth/login 401 3.071 ms","timestamp":"2026-01-10 20:01:14"}
{"level":"info","message":"[308835] POST /api/v1/auth/login 401 361.493 ms","timestamp":"2026-01-10 20:01:21"}
{"level":"info","message":"[665153] POST /api/v1/auth/login 200 93.517 ms","timestamp":"2026-01-10 20:01:27"}
{"level":"info","message":"[778371] GET /api/v1/users/getProfile 200 47.559 ms","timestamp":"2026-01-10 20:02:01"}
{"level":"info","message":"[044273] GET /api/v1/users/getProfile 304 13.571 ms","timestamp":"2026-01-10 20:02:07"}
{"level":"info","message":"[201849] GET /api/v1/users/getProfile 304 38.344 ms","timestamp":"2026-01-10 20:02:21"}
{"level":"info","message":"[876102] PATCH /api/v1/auth/logOut 200 68.119 ms","timestamp":"2026-01-10 20:02:24"}
{"level":"info","message":"[629791] POST /api/v1/auth/login 401 82.228 ms","timestamp":"2026-01-10 20:02:54"}
{"level":"info","message":"[275845] GET /api/v1/users/getProfile 401 3.399 ms","timestamp":"2026-01-10 20:03:01"}
{"level":"info","message":"[635371] GET /api/v1/users/getProfile 401 4.018 ms","timestamp":"2026-01-10 20:03:07"}
{"level":"info","message":"[957432] POST /api/v1/auth/login 200 64.880 ms","timestamp":"2026-01-10 20:20:33"}
{"level":"info","message":"[107400] GET /api/v1/users/getProfile 200 35.928 ms","timestamp":"2026-01-10 20:20:39"}
{"level":"info","message":"[481429] GET /api/v1/users/getProfile 304 86.363 ms","timestamp":"2026-01-10 20:31:06"}
{"level":"info","message":"[945626] GET /socket.io/?EIO=4&transport=polling&t=n5c2ruxa - - ms","timestamp":"2026-01-10 20:31:06"}
{"level":"info","message":"[398102] GET /api/v1/users/getProfile 304 118.513 ms","timestamp":"2026-01-10 20:31:08"}
{"level":"info","message":"[098681] GET /socket.io/?EIO=4&transport=polling&t=n5dh4o2m 200 1.654 ms","timestamp":"2026-01-10 20:31:08"}
{"level":"info","message":"[393326] GET /socket.io/?EIO=4&transport=polling&t=n5eo5do2 200 1.147 ms","timestamp":"2026-01-10 20:31:09"}
{"level":"info","message":"[123484] GET /socket.io/?EIO=4&transport=polling&t=n5gb350y 200 216.923 ms","timestamp":"2026-01-10 20:31:12"}
{"level":"info","message":"[501657] GET /socket.io/?EIO=4&transport=polling&t=n5kd5mnr 200 1.742 ms","timestamp":"2026-01-10 20:31:17"}
{"level":"info","message":"[756686] GET /api/v1/users/getProfile 401 18.287 ms","timestamp":"2026-01-10 20:31:18"}
{"level":"info","message":"[450436] GET /api/v1/users/getProfile 401 5.382 ms","timestamp":"2026-01-10 20:36:55"}
{"level":"info","message":"[840360] GET /api/v1/users/getProfile 401 4.678 ms","timestamp":"2026-01-10 20:37:05"}
{"level":"info","message":"[768274] POST /api/v1/auth/login 200 287.926 ms","timestamp":"2026-01-10 20:37:19"}
{"level":"info","message":"[670304] GET /api/v1/users/getProfile 304 19.177 ms","timestamp":"2026-01-10 20:37:43"}
{"level":"info","message":"[283089] GET /api/v1/users/getProfile 200 114.855 ms","timestamp":"2026-01-10 20:40:22"}
{"level":"info","message":"[103178] GET /api/v1/users/getProfile 200 91.292 ms","timestamp":"2026-01-10 20:41:38"}
{"level":"info","message":"[898776] GET /api/v1/users/getProfile 304 87.909 ms","timestamp":"2026-01-10 20:42:44"}
{"level":"info","message":"[278463] GET /api/v1/users/getProfile 200 94.006 ms","timestamp":"2026-01-10 20:43:13"}
{"level":"info","message":"[107558] PATCH /api/v1/auth/logOut 200 80.834 ms","timestamp":"2026-01-10 20:43:39"}
{"level":"info","message":"[031661] POST /api/v1/auth/login 200 145.119 ms","timestamp":"2026-01-10 20:43:52"}
{"level":"info","message":"[833461] GET /api/v1/users/getProfile 304 34.338 ms","timestamp":"2026-01-10 20:44:02"}
{"level":"info","message":"[683519] GET /api/v1/users/getProfile 200 128.102 ms","timestamp":"2026-01-10 20:44:33"}
{"level":"info","message":"[534844] GET /api/v1/users/getProfile 304 19.517 ms","timestamp":"2026-01-10 21:16:52"}
{"level":"info","message":"[684771] PATCH /api/v1/auth/logOut 200 11.307 ms","timestamp":"2026-01-10 21:16:54"}
{"level":"info","message":"[903062] POST /api/v1/auth/login 200 110.812 ms","timestamp":"2026-01-10 21:17:03"}
{"level":"info","message":"[551009] GET /api/v1/users/getProfile 304 9.647 ms","timestamp":"2026-01-10 21:17:50"}
{"level":"info","message":"[203247] GET /api/v1/users/getProfile 304 11.798 ms","timestamp":"2026-01-10 21:18:00"}
{"level":"info","message":"[965518] GET /api/v1/users/getProfile 304 10.349 ms","timestamp":"2026-01-10 21:18:21"}
{"level":"info","message":"[921090] GET /api/v1/users/getProfile 304 10.416 ms","timestamp":"2026-01-10 21:18:39"}
{"level":"info","message":"[027921] GET /api/v1/users/getProfile 304 15.919 ms","timestamp":"2026-01-10 21:18:47"}
{"level":"info","message":"[910882] GET /api/v1/users/getProfile 304 11.982 ms","timestamp":"2026-01-10 21:25:46"}
{"level":"info","message":"[315069] GET /api/v1/users/getProfile 304 13.685 ms","timestamp":"2026-01-10 21:27:34"}
{"level":"info","message":"[427839] GET /api/v1/users/getProfile 200 13.639 ms","timestamp":"2026-01-10 21:28:02"}
{"level":"info","message":"[715717] PATCH /api/v1/auth/logOut 200 76.125 ms","timestamp":"2026-01-10 21:28:32"}
{"level":"info","message":"[957671] POST /api/v1/auth/login 200 82.554 ms","timestamp":"2026-01-10 21:28:41"}
{"level":"info","message":"[781513] GET /api/v1/users/getProfile 304 11.113 ms","timestamp":"2026-01-10 21:29:53"}
{"level":"info","message":"[963119] PATCH /api/v1/auth/logOut 200 32.040 ms","timestamp":"2026-01-10 21:31:34"}
{"level":"info","message":"[774929] POST /api/v1/auth/login 401 1.803 ms","timestamp":"2026-01-10 21:31:41"}
{"level":"info","message":"[812882] POST /api/v1/auth/login 200 96.716 ms","timestamp":"2026-01-10 21:31:50"}
{"level":"info","message":"[217692] GET /api/v1/users/getProfile 304 10.157 ms","timestamp":"2026-01-10 21:33:03"}
{"level":"info","message":"[504492] GET /api/v1/users/getProfile 304 12.858 ms","timestamp":"2026-01-10 21:34:43"}
{"level":"info","message":"[606946] GET /api/v1/users/getProfile 304 13.647 ms","timestamp":"2026-01-10 21:34:48"}
{"level":"info","message":"[641265] PATCH /api/v1/auth/logOut 401 6.584 ms","timestamp":"2026-01-10 21:34:50"}
{"level":"info","message":"[634369] PATCH /api/v1/auth/logOut 401 3.352 ms","timestamp":"2026-01-10 21:34:52"}
{"level":"info","message":"[206038] GET /api/v1/users/getProfile 401 4.304 ms","timestamp":"2026-01-10 21:34:57"}
{"level":"info","message":"[219707] POST /api/v1/auth/login 401 3.013 ms","timestamp":"2026-01-10 21:35:07"}
{"level":"info","message":"[035285] POST /api/v1/auth/login 401 1.740 ms","timestamp":"2026-01-10 21:35:13"}
{"level":"info","message":"[149572] POST /api/v1/auth/login 200 105.309 ms","timestamp":"2026-01-10 21:35:21"}
{"level":"info","message":"[279316] PATCH /api/v1/auth/logOut 200 29.367 ms","timestamp":"2026-01-10 21:36:08"}
{"level":"info","message":"[473372] POST /api/v1/auth/login 200 116.601 ms","timestamp":"2026-01-10 21:36:22"}
{"level":"info","message":"[156400] GET /api/v1/users/getProfile 304 10.514 ms","timestamp":"2026-01-10 21:37:17"}
{"level":"info","message":"[183788] GET /api/v1/users/getProfile 304 11.350 ms","timestamp":"2026-01-10 21:37:22"}
{"level":"info","message":"[928429] PATCH /api/v1/auth/logOut 200 13.302 ms","timestamp":"2026-01-10 21:37:30"}
{"level":"info","message":"[415571] POST /api/v1/auth/login 200 109.881 ms","timestamp":"2026-01-10 21:37:45"}
{"level":"info","message":"[802907] GET /api/v1/users/getProfile 304 119.740 ms","timestamp":"2026-01-10 21:38:50"}
{"level":"info","message":"[668698] PATCH /api/v1/auth/logOut 401 1.416 ms","timestamp":"2026-01-10 21:38:54"}
{"level":"info","message":"[266722] GET /api/v1/users/getProfile 401 3.302 ms","timestamp":"2026-01-10 21:38:58"}
{"level":"info","message":"[275584] GET /api/v1/users/getProfile 401 2.839 ms","timestamp":"2026-01-10 21:39:08"}
{"level":"info","message":"[250103] POST /api/v1/auth/login 200 166.153 ms","timestamp":"2026-01-10 21:39:26"}
{"level":"info","message":"[490013] GET /api/v1/users/getProfile 304 32.158 ms","timestamp":"2026-01-10 21:39:58"}
{"level":"info","message":"[003641] GET /api/v1/users/getProfile 304 128.476 ms","timestamp":"2026-01-10 21:40:27"}
{"level":"info","message":"[646236] PATCH /api/v1/auth/logOut 200 31.933 ms","timestamp":"2026-01-10 21:40:29"}
{"level":"info","message":"[816111] GET /api/v1/users/getProfile 401 2.236 ms","timestamp":"2026-01-10 21:41:06"}
{"level":"info","message":"[485433] GET /api/v1/users/getProfile 401 3.873 ms","timestamp":"2026-01-10 21:41:32"}
{"level":"info","message":"[655478] POST /api/v1/auth/login 200 84.644 ms","timestamp":"2026-01-10 21:41:41"}
{"level":"info","message":"[657968] GET /api/v1/users/getProfile 304 73.125 ms","timestamp":"2026-01-10 21:42:54"}
{"level":"info","message":"[665116] PATCH /api/v1/auth/logOut 200 12.160 ms","timestamp":"2026-01-10 21:43:01"}
{"level":"info","message":"[015544] POST /api/v1/auth/login 200 75.987 ms","timestamp":"2026-01-10 21:43:10"}
{"level":"info","message":"[463988] GET /api/v1/users/getProfile 304 44.497 ms","timestamp":"2026-01-10 21:43:16"}
{"level":"info","message":"[538497] PATCH /api/v1/auth/logOut 200 10.910 ms","timestamp":"2026-01-10 21:43:19"}
{"level":"info","message":"[622008] GET /api/v1/users/getProfile 401 2.932 ms","timestamp":"2026-01-10 21:43:24"}
{"level":"info","message":"[933778] GET /api/v1/users/getProfile 401 4.556 ms","timestamp":"2026-01-10 21:43:40"}
{"level":"info","message":"[503409] POST /api/v1/auth/login 200 81.327 ms","timestamp":"2026-01-10 21:43:48"}
{"level":"info","message":"[558558] GET /api/v1/users/getProfile 200 17.688 ms","timestamp":"2026-01-10 21:44:09"}
{"level":"info","message":"[850855] GET /api/v1/users/getProfile 304 64.311 ms","timestamp":"2026-01-10 21:45:19"}
{"level":"info","message":"[701208] GET /api/v1/users/getProfile 304 24.771 ms","timestamp":"2026-01-10 21:45:27"}
{"level":"info","message":"[444185] GET /api/v1/users/getProfile 304 29.776 ms","timestamp":"2026-01-10 21:45:47"}
{"level":"info","message":"[444726] GET /api/v1/users/getProfile 304 14.604 ms","timestamp":"2026-01-10 21:47:44"}
{"level":"info","message":"[066228] GET /api/v1/users/getProfile 304 58.003 ms","timestamp":"2026-01-10 21:49:14"}
{"level":"info","message":"[780253] GET /api/v1/users/getProfile 304 57.983 ms","timestamp":"2026-01-10 21:52:12"}
{"level":"info","message":"[974423] GET /api/v1/users/getProfile 304 16.157 ms","timestamp":"2026-01-10 21:52:19"}
{"level":"info","message":"[713691] GET /api/v1/users/getProfile 304 11.628 ms","timestamp":"2026-01-10 21:52:39"}
{"level":"info","message":"[587846] GET /api/v1/users/getProfile 304 19.761 ms","timestamp":"2026-01-10 21:52:47"}
{"level":"info","message":"[620313] GET /api/v1/users/getProfile 304 44.979 ms","timestamp":"2026-01-10 21:52:53"}
{"level":"info","message":"[038569] GET /api/v1/users/getProfile 304 12.335 ms","timestamp":"2026-01-10 21:53:51"}
{"level":"info","message":"[828597] GET /api/v1/users/getProfile 304 20.563 ms","timestamp":"2026-01-10 21:55:48"}
{"level":"info","message":"[198051] GET /api/v1/users/getProfile 304 10.360 ms","timestamp":"2026-01-10 21:56:21"}
{"level":"info","message":"[778806] GET /api/v1/users/getProfile 304 10.867 ms","timestamp":"2026-01-10 21:56:35"}
{"level":"info","message":"[313397] GET /api/v1/users/getProfile 304 12.032 ms","timestamp":"2026-01-10 21:56:52"}
{"level":"info","message":"[472802] GET /api/v1/users/getProfile 304 11.553 ms","timestamp":"2026-01-10 21:57:00"}
{"level":"info","message":"[908479] GET /api/v1/users/getProfile 304 14.183 ms","timestamp":"2026-01-10 21:57:40"}
{"level":"info","message":"[391654] GET /api/v1/users/getProfile 304 89.921 ms","timestamp":"2026-01-10 21:57:48"}
{"level":"info","message":"[422943] GET /api/v1/users/getProfile 304 47.563 ms","timestamp":"2026-01-10 21:58:20"}
{"level":"info","message":"[310756] GET /api/v1/users/getProfile 304 103.047 ms","timestamp":"2026-01-10 21:58:26"}
{"level":"info","message":"[649669] PATCH /api/v1/auth/logOut 200 70.044 ms","timestamp":"2026-01-10 21:58:51"}
{"level":"info","message":"[654368] GET /api/v1/users/getProfile 401 18.875 ms","timestamp":"2026-01-10 21:59:00"}
{"level":"info","message":"[057344] GET /api/v1/users/getProfile 401 41.945 ms","timestamp":"2026-01-10 22:36:50"}
