{"level":"info","message":"[545194] GET /api/v1/users/getProfile 401 10.622 ms","timestamp":"2026-01-09 14:10:04"}
{"level":"info","message":"[113225] GET /api/v1/users/getProfile 401 2.724 ms","timestamp":"2026-01-09 14:10:21"}
{"level":"info","message":"[591072] GET /api/v1/users/getProfile 401 5.465 ms","timestamp":"2026-01-09 14:15:07"}
{"level":"info","message":"[849117] GET /api/v1/users/getProfile 401 9.024 ms","timestamp":"2026-01-09 14:15:12"}
{"level":"info","message":"[919745] GET /api/v1/users/getProfile 401 7.502 ms","timestamp":"2026-01-09 14:15:15"}
{"level":"info","message":"[383730] GET /api/v1/users/getProfile 401 2.391 ms","timestamp":"2026-01-09 14:15:25"}
{"level":"info","message":"[120274] GET /api/v1/users/getProfile 401 2.227 ms","timestamp":"2026-01-09 14:15:50"}
{"level":"info","message":"[308744] GET /api/v1/users/getProfile 401 16.472 ms","timestamp":"2026-01-09 14:27:32"}
{"level":"info","message":"[694921] GET /api/v1/users/getProfile 401 120.997 ms","timestamp":"2026-01-09 14:27:35"}
{"level":"info","message":"[858774] GET /api/v1/users/getProfile 401 18.876 ms","timestamp":"2026-01-09 14:31:26"}
{"level":"info","message":"[141147] GET /api/v1/users/getProfile 401 7.397 ms","timestamp":"2026-01-09 14:38:32"}
{"level":"info","message":"[541031] POST /api/v1/auth/register 409 2089.553 ms","timestamp":"2026-01-09 14:39:34"}
{"level":"info","message":"[796871] GET /api/v1/users/getProfile 401 2.828 ms","timestamp":"2026-01-09 14:40:31"}
{"level":"info","message":"[158873] GET /api/v1/users/getProfile 401 2.198 ms","timestamp":"2026-01-09 14:41:36"}
{"level":"info","message":"[347751] GET /api/v1/users/getProfile 401 2.368 ms","timestamp":"2026-01-09 14:45:06"}
{"level":"info","message":"[960584] GET /api/v1/users/getProfile 401 2.324 ms","timestamp":"2026-01-09 14:45:17"}
{"level":"info","message":"[206578] GET /api/v1/users/getProfile 401 2.414 ms","timestamp":"2026-01-09 14:45:38"}
{"level":"info","message":"[707305] GET /api/v1/users/getProfile 401 29.129 ms","timestamp":"2026-01-09 14:45:43"}
{"level":"info","message":"[906313] POST /api/v1/auth/register 409 123.725 ms","timestamp":"2026-01-09 14:46:05"}
{"level":"info","message":"[159703] GET /api/v1/users/getProfile 401 1.975 ms","timestamp":"2026-01-09 14:46:53"}
{"level":"info","message":"[886686] GET /api/v1/users 200 325.561 ms","timestamp":"2026-01-09 14:47:02"}
{"level":"info","message":"[170867] GET /favicon.ico 304 79.184 ms","timestamp":"2026-01-09 14:47:03"}
{"level":"info","message":"[329636] POST /api/v1/auth/register 200 3696.397 ms","timestamp":"2026-01-09 14:48:56"}
{"level":"info","message":"[197599] POST /api/v1/auth/login 200 1345.378 ms","timestamp":"2026-01-09 14:49:18"}
{"level":"info","message":"[980258] GET /api/v1/users 200 100.218 ms","timestamp":"2026-01-09 14:49:23"}
{"level":"info","message":"[897768] GET /favicon.ico 304 2.965 ms","timestamp":"2026-01-09 14:49:23"}
{"level":"info","message":"[601645] POST /api/v1/auth/register 409 7.982 ms","timestamp":"2026-01-09 14:51:11"}
{"level":"info","message":"[512518] POST /api/v1/auth/register 200 127.563 ms","timestamp":"2026-01-09 14:52:32"}
{"level":"info","message":"[730670] GET /api/v1/users 200 54.977 ms","timestamp":"2026-01-09 14:52:45"}
{"level":"info","message":"[268102] GET /favicon.ico 304 1.584 ms","timestamp":"2026-01-09 14:52:46"}
{"level":"info","message":"[581179] GET /api/v1/users/getProfile 401 177.426 ms","timestamp":"2026-01-09 15:03:19"}
{"level":"info","message":"[447022] GET /api/v1/users/getProfile 401 38.956 ms","timestamp":"2026-01-09 15:30:56"}
{"level":"info","message":"[379337] GET /api/v1/users/getProfile 401 24.617 ms","timestamp":"2026-01-09 15:31:34"}
{"level":"info","message":"[995113] POST /api/v1/auth/register 200 476.715 ms","timestamp":"2026-01-09 15:32:07"}
{"level":"info","message":"[194874] GET /api/v1/users/getProfile 401 2.869 ms","timestamp":"2026-01-09 15:33:09"}
{"level":"info","message":"[058120] POST /api/v1/auth/register 200 329.178 ms","timestamp":"2026-01-09 15:33:37"}
{"level":"info","message":"[728692] GET /api/v1/users/getProfile 401 26.809 ms","timestamp":"2026-01-09 15:34:01"}
{"level":"info","message":"[637719] GET /api/v1/users/getProfile 401 22.249 ms","timestamp":"2026-01-09 15:34:13"}
{"level":"info","message":"[478516] POST /api/v1/auth/register 409 60.270 ms","timestamp":"2026-01-09 15:35:01"}
{"level":"info","message":"[458796] GET /api/v1/users/getProfile 401 3.292 ms","timestamp":"2026-01-09 15:36:02"}
{"level":"info","message":"[367778] GET /api/v1/users/getProfile 401 2.956 ms","timestamp":"2026-01-09 15:36:10"}
{"level":"info","message":"[236665] GET /api/v1/users/getProfile 401 50.447 ms","timestamp":"2026-01-09 15:37:00"}
{"level":"info","message":"[944380] GET /api/v1/users/getProfile 401 1.870 ms","timestamp":"2026-01-09 15:40:10"}
{"level":"info","message":"[118622] POST /api/v1/auth/register 409 38.986 ms","timestamp":"2026-01-09 15:41:45"}
{"level":"info","message":"[977835] POST /api/v1/auth/register 409 289.266 ms","timestamp":"2026-01-09 15:42:44"}
