{"level":"info","message":"[254509] GET /api/v1/users/getProfile 401 13.920 ms","timestamp":"2025-12-28 13:47:35"}
{"level":"info","message":"[919358] POST /api/v1/auth/login 200 3456.935 ms","timestamp":"2025-12-28 13:48:02"}
{"level":"info","message":"[889326] GET /api/v1/users?page=undefined 200 28.136 ms","timestamp":"2025-12-28 13:48:35"}
{"level":"info","message":"[494881] GET /api/v1/message/getLoggedUserMessages/68d124fe0dedc613334217ff?limit=200&sort=-createdAt&page=1 200 829.732 ms","timestamp":"2025-12-28 13:48:41"}
{"level":"info","message":"[304478] GET /api/v1/users/getProfile 200 14.405 ms","timestamp":"2025-12-28 13:51:43"}
{"level":"info","message":"[788345] GET /api/v1/message/getLoggedUserMessages/68d124fe0dedc613334217ff?limit=200&sort=-createdAt&page=1 200 122.468 ms","timestamp":"2025-12-28 13:51:43"}
{"level":"info","message":"[593370] GET /api/v1/users/getProfile 304 13.763 ms","timestamp":"2025-12-28 13:52:07"}
{"level":"info","message":"[840629] POST /api/v1/auth/login 200 126.386 ms","timestamp":"2025-12-28 13:52:39"}
{"level":"info","message":"[047211] GET /api/v1/users/getProfile 304 22.452 ms","timestamp":"2025-12-28 13:53:22"}
{"level":"info","message":"[681153] GET /api/v1/users/getProfile 304 16.525 ms","timestamp":"2025-12-28 13:53:42"}
{"level":"info","message":"[881549] GET /api/v1/users/getProfile 304 16.878 ms","timestamp":"2025-12-28 13:53:48"}
{"level":"info","message":"[299590] POST /api/v1/auth/login 200 61.991 ms","timestamp":"2025-12-28 13:54:02"}
{"level":"info","message":"[955610] GET /api/v1/users/getProfile 304 17.664 ms","timestamp":"2025-12-28 13:54:10"}
{"level":"info","message":"[088514] GET /api/v1/users/getProfile 304 15.508 ms","timestamp":"2025-12-28 13:54:14"}
{"level":"info","message":"[617371] GET /api/v1/users/getProfile 304 18.955 ms","timestamp":"2025-12-28 13:54:20"}
{"level":"info","message":"[233409] PATCH /api/v1/auth/logOut 200 69.283 ms","timestamp":"2025-12-28 13:54:39"}
{"level":"info","message":"[635137] GET /api/v1/users/getProfile 401 2.542 ms","timestamp":"2025-12-28 13:54:47"}
{"level":"info","message":"[450647] PATCH /api/v1/auth/logOut 401 2.585 ms","timestamp":"2025-12-28 13:54:47"}
{"level":"info","message":"[393919] GET /api/v1/users/getProfile 401 2.428 ms","timestamp":"2025-12-28 13:54:54"}
{"level":"info","message":"[170608] PATCH /api/v1/auth/logOut 401 1.945 ms","timestamp":"2025-12-28 13:54:54"}
{"level":"info","message":"[437276] GET /api/v1/users/getProfile 401 2.104 ms","timestamp":"2025-12-28 13:59:11"}
{"level":"info","message":"[517869] POST /api/v1/auth/login 200 92.686 ms","timestamp":"2025-12-28 14:00:34"}
{"level":"info","message":"[289450] PATCH /api/v1/users/settingProfile 200 139.008 ms","timestamp":"2025-12-28 14:01:35"}
{"level":"info","message":"[572545] GET /api/v1/users/getProfile 200 11.884 ms","timestamp":"2025-12-28 14:01:43"}
{"level":"info","message":"[655232] PATCH /api/v1/users/settingProfile 200 56.789 ms","timestamp":"2025-12-28 14:01:53"}
{"level":"info","message":"[930481] GET /api/v1/users/getProfile 200 18.976 ms","timestamp":"2025-12-28 14:02:00"}
{"level":"info","message":"[744630] PATCH /api/v1/auth/logOut 200 39.699 ms","timestamp":"2025-12-28 14:02:04"}
{"level":"info","message":"[074440] POST /api/v1/auth/login 200 63.267 ms","timestamp":"2025-12-28 14:02:12"}
{"level":"info","message":"[900235] PATCH /api/v1/users/settingProfile 200 48.900 ms","timestamp":"2025-12-28 14:02:39"}
{"level":"info","message":"[162659] GET /api/v1/users/getProfile 200 15.615 ms","timestamp":"2025-12-28 14:04:07"}
{"level":"info","message":"[018372] PATCH /api/v1/auth/logOut 200 58.043 ms","timestamp":"2025-12-28 14:04:49"}
{"level":"info","message":"[945385] GET /api/v1/users/getProfile 401 1.611 ms","timestamp":"2025-12-28 14:06:21"}
